Diagnose log at 2023-07-13T01:27:12Z

Executable: C:\Program Files\Git\mingw64\libexec\git-core\git-credential-manager-core.exe
Version: 2.0.696+4365b917da

------------
Diagnostic: Environment
Skipped: False
Success: True
Exception: None
Log:
OSType: Windows
OSVersion: 10.0 (build 22621)
Reading environment variables... OK
 Variables:
HOMEPATH=\Users\admin
DriverData=C:\Windows\System32\Drivers\DriverData
COMPUTERNAME=DESKTOP-AF4FN70
CommonProgramFiles(x86)=C:\Program Files (x86)\Common Files
OneDrive=C:\Users\admin\OneDrive
ChocolateyLastPathUpdate=133053331964085461
TMP=C:\Users\admin\AppData\Local\Temp
HOME=C:\Users\admin
PROCESSOR_REVISION=5000
WEBOS_CLI_TV=C:\Users\admin\Documents\webOS_TV_SDK\CLI\bin
PATHEXT=.COM;.EXE;.BAT;.CMD;.VBS;.VBE;.JS;.JSE;.WSF;.WSH;.MSC;.CPL
GIT_ASKPASS=c:\Users\admin\AppData\Local\Programs\Microsoft VS Code\resources\app\extensions\git\dist\askpass.sh
GIT_EXEC_PATH=C:/Program Files/Git/mingw64/libexec/git-core
TEMP=C:\Users\admin\AppData\Local\Temp
LOCALAPPDATA=C:\Users\admin\AppData\Local
MSYSTEM=MINGW64
TERM=cygwin
LG_WEBOS_TV_SDK_HOME=C:\Users\admin\Documents\webOS_TV_SDK
ProgramW6432=C:\Program Files
USERDOMAIN=DESKTOP-AF4FN70
ProgramFiles(x86)=C:\Program Files (x86)
Path=C:/Program Files/Git/mingw64/libexec/git-core;C:\Program Files\Git\mingw64\bin;C:\Program Files\Git\usr\bin;C:\Users\admin\bin;C:\Program Files\Common Files\Oracle\Java\javapath;C:\Windows\system32;C:\Windows;C:\Windows\System32\Wbem;C:\Windows\System32\WindowsPowerShell\v1.0\;C:\Program Files\NVIDIA Corporation\NVIDIA NvDLISR;C:\WINDOWS\system32;C:\WINDOWS;C:\WINDOWS\System32\Wbem;C:\WINDOWS\System32\WindowsPowerShell\v1.0\;C:\WINDOWS\System32\OpenSSH\;C:\Program Files (x86)\NVIDIA Corporation\PhysX\Common;C:\Program Files\dotnet\;C:\Program Files\Git\cmd;;C:\ProgramData\chocolatey\bin;C:\Program Files\nodejs\;C:\Program Files\Docker\Docker\resources\bin;C:\WINDOWS\system32;C:\WINDOWS;C:\WINDOWS\System32\Wbem;C:\WINDOWS\System32\WindowsPowerShell\v1.0\;C:\WINDOWS\System32\OpenSSH\;C:\Users\admin\AppData\Local\Programs\Python\Python311\Scripts\;C:\Users\admin\AppData\Local\Programs\Python\Python311\;C:\Users\admin\AppData\Local\Microsoft\WindowsApps;C:\Users\admin\AppData\Local\Programs\Microsoft VS Code\bin;C:\Users\admin\AppData\Local\Programs\Python\Python310\Scripts;C:\Users\admin\AppData\Roaming\npm;C:\Users\admin\AppData\Local\;C:\Users\admin\AppData\Local\Programs\Python\Python311\Scripts\;C:\Users\admin\AppData\Local\Programs\Python\Python311\;C:\Users\admin\AppData\Local\Microsoft\WindowsApps;C:\Users\admin\AppData\Local\Programs\Microsoft VS Code\bin;C:\Users\admin\AppData\Local\Programs\Python\Python310\Scripts;C:\Users\admin\AppData\Roaming\npm;C:\Users\admin\AppData\Local\GitHubDesktop\bin;
TERM_PROGRAM=vscode
PROCESSOR_LEVEL=25
PROCESSOR_IDENTIFIER=AMD64 Family 25 Model 80 Stepping 0, AuthenticAMD
TMPDIR=C:\Users\admin\AppData\Local\Temp
VSCODE_GIT_ASKPASS_EXTRA_ARGS=--ms-enable-electron-run-as-node
TERM_PROGRAM_VERSION=1.80.0
VSCODE_GIT_ASKPASS_MAIN=c:\Users\admin\AppData\Local\Programs\Microsoft VS Code\resources\app\extensions\git\dist\askpass-main.js
PSModulePath=C:\Users\admin\Documents\WindowsPowerShell\Modules;C:\Program Files\WindowsPowerShell\Modules;C:\WINDOWS\system32\WindowsPowerShell\v1.0\Modules\
PUBLIC=C:\Users\Public
NUMBER_OF_PROCESSORS=16
CommonProgramFiles=C:\Program Files (x86)\Common Files
VSCODE_INJECTION=1
VSCODE_GIT_IPC_HANDLE=\\.\pipe\vscode-git-da1b8e80f4-sock
CHROME_CRASHPAD_PIPE_NAME=\\.\pipe\LOCAL\crashpad_20320_VXDNEFVBJQEVAHYG
PLINK_PROTOCOL=ssh
ProgramData=C:\ProgramData
ProgramFiles=C:\Program Files (x86)
ChocolateyInstall=C:\ProgramData\chocolatey
VSCODE_GIT_ASKPASS_NODE=C:\Users\admin\AppData\Local\Programs\Microsoft VS Code\Code.exe
SystemRoot=C:\WINDOWS
ORIGINAL_XDG_CURRENT_DESKTOP=undefined
SESSIONNAME=Console
CommonProgramW6432=C:\Program Files\Common Files
LOGONSERVER=\\DESKTOP-AF4FN70
USERPROFILE=C:\Users\admin
COLORTERM=truecolor
USERDOMAIN_ROAMINGPROFILE=DESKTOP-AF4FN70
APPDATA=C:\Users\admin\AppData\Roaming
HOMEDRIVE=C:
USERNAME=admin
PROCESSOR_ARCHITEW6432=AMD64
PROCESSOR_ARCHITECTURE=x86
OS=Windows_NT
ComSpec=C:\WINDOWS\system32\cmd.exe
SystemDrive=C:
windir=C:\WINDOWS
LANG=en_US.UTF-8
ALLUSERSPROFILE=C:\ProgramData


------------
Diagnostic: File system
Skipped: False
Success: True
Exception: None
Log:
Temporary directory is 'C:\Users\admin\AppData\Local\Temp\'...
Checking basic file I/O...
Writing to temporary file 'C:\Users\admin\AppData\Local\Temp\f3164dc4b57ac045d9aabcea'... OK
Reading from temporary file 'C:\Users\admin\AppData\Local\Temp\f3164dc4b57ac045d9aabcea'... OK
Deleting temporary file 'C:\Users\admin\AppData\Local\Temp\f3164dc4b57ac045d9aabcea'... OK
Testing IFileSystem instance...
UserHomePath: C:\Users\admin
UserDataDirectoryPath: C:\Users\admin\.gcm
GetCurrentDirectory(): C:\Users\admin\Documents\Webdev\landingpage\portifolio

------------
Diagnostic: Networking
Skipped: False
Success: True
Exception: None
Log:
Checking basic networking and HTTP stack...
Creating HTTP client... OK
IsNetworkAvailable: True
Sending HEAD request to http://example.com... OK
Sending HEAD request to https://example.com... OK
Acquiring free TCP port... OK
Testing local HTTP loopback connections...
Creating new HTTP listener for http://localhost:61265/... OK
Waiting for loopback connection... OK
Writing response... OK
Waiting for response data... OK
Loopback connection data OK
Testing with IHttpClientFactory created HTTP client...
Creating HTTP client... OK
IsNetworkAvailable: True
Sending HEAD request to http://example.com... OK
Sending HEAD request to https://example.com... OK
Acquiring free TCP port... OK
Testing local HTTP loopback connections...
Creating new HTTP listener for http://localhost:61285/... OK
Waiting for loopback connection... OK
Writing response... OK
Waiting for response data... OK
Loopback connection data OK

------------
Diagnostic: Git
Skipped: False
Success: True
Exception: None
Log:
Getting Git version... OK
Git version is '2.36.0.windows.1'
Locating current repository... OK
Git repository at 'C:/Users/admin/Documents/Webdev/landingpage/portifolio/.git'
Listing all Git configuration... OK
Git configuration:
file:C:/Program Files/Git/etc/gitconfig	diff.astextplain.textconv=astextplain
file:C:/Program Files/Git/etc/gitconfig	filter.lfs.clean=git-lfs clean -- %f
file:C:/Program Files/Git/etc/gitconfig	filter.lfs.smudge=git-lfs smudge -- %f
file:C:/Program Files/Git/etc/gitconfig	filter.lfs.process=git-lfs filter-process
file:C:/Program Files/Git/etc/gitconfig	filter.lfs.required=true
file:C:/Program Files/Git/etc/gitconfig	http.sslbackend=openssl
file:C:/Program Files/Git/etc/gitconfig	http.sslcainfo=C:/Program Files/Git/mingw64/ssl/certs/ca-bundle.crt
file:C:/Program Files/Git/etc/gitconfig	core.autocrlf=true
file:C:/Program Files/Git/etc/gitconfig	core.fscache=true
file:C:/Program Files/Git/etc/gitconfig	core.symlinks=false
file:C:/Program Files/Git/etc/gitconfig	pull.rebase=false
file:C:/Program Files/Git/etc/gitconfig	credential.helper=manager-core
file:C:/Program Files/Git/etc/gitconfig	credential.https://dev.azure.com.usehttppath=true
file:C:/Program Files/Git/etc/gitconfig	init.defaultbranch=master
file:C:/Users/admin/.gitconfig	filter.lfs.clean=git-lfs clean -- %f
file:C:/Users/admin/.gitconfig	filter.lfs.smudge=git-lfs smudge -- %f
file:C:/Users/admin/.gitconfig	filter.lfs.process=git-lfs filter-process
file:C:/Users/admin/.gitconfig	filter.lfs.required=true
file:C:/Users/admin/.gitconfig	user.name=rafael-fj
file:C:/Users/admin/.gitconfig	user.email=rafaelfj0@gmail.com
file:.git/config	core.repositoryformatversion=0
file:.git/config	core.filemode=false
file:.git/config	core.bare=false
file:.git/config	core.logallrefupdates=true
file:.git/config	core.symlinks=false
file:.git/config	core.ignorecase=true
file:.git/config	remote.origin.url=https://github.com/rafael-fj/landingpage.git
file:.git/config	remote.origin.fetch=+refs/heads/*:refs/remotes/origin/*
file:.git/config	gui.wmstate=normal
file:.git/config	gui.geometry=1109x563+192+192 216 255
file:.git/config	lfs.repositoryformatversion=0
file:.git/config	branch.main.remote=origin
file:.git/config	branch.main.merge=refs/heads/main


------------
Diagnostic: Credential storage
Skipped: False
Success: True
Exception: None
Log:
ICredentialStore instance is of type: CredentialStore
Writing test credential... OK
Reading test credential... OK
Deleting test credential... OK

------------
Diagnostic: Microsoft authentication (AAD/MSA)
Skipped: False
Success: True
Exception: None
Log:
Broker not supported.
Flow type is: Auto
Gathering MSAL token cache data... OK
CacheDirectory: C:\Users\admin\AppData\Local\.IdentityService
CacheFileName: msal.cache
CacheFilePath: C:\Users\admin\AppData\Local\.IdentityService\msal.cache
Creating cache helper... OK
Verifying MSAL token cache persistence... OK

------------
Diagnostic: GitHub API
Skipped: False
Success: True
Exception: None
Log:
Using 'https://github.com/' as API target.
Querying '/meta' endpoint... OK

